0 info it worked if it ends with ok
1 verbose cli [ '/usr/bin/node', '/usr/bin/npm', 'install' ]
2 info using npm@1.4.28
3 info using node@v0.10.33
4 verbose node symlink /usr/bin/node
5 verbose readDependencies using package.json deps
6 verbose install where, deps [ '/home/repat/git/Grafari/backend/nodejs',
6 verbose install   [ 'async', 'fbgraph', 'nodemon', 'redis', 'restify', 'zombie' ] ]
7 info preinstall graph-search@
8 verbose readDependencies using package.json deps
9 verbose cache add [ 'async@^0.9.0', null ]
10 verbose cache add name=undefined spec="async@^0.9.0" args=["async@^0.9.0",null]
11 verbose parsed url { protocol: null,
11 verbose parsed url   slashes: null,
11 verbose parsed url   auth: null,
11 verbose parsed url   host: null,
11 verbose parsed url   port: null,
11 verbose parsed url   hostname: null,
11 verbose parsed url   hash: null,
11 verbose parsed url   search: null,
11 verbose parsed url   query: null,
11 verbose parsed url   pathname: 'async@^0.9.0',
11 verbose parsed url   path: 'async@^0.9.0',
11 verbose parsed url   href: 'async@^0.9.0' }
12 verbose cache add [ 'fbgraph@^0.3.0', null ]
13 verbose cache add name=undefined spec="fbgraph@^0.3.0" args=["fbgraph@^0.3.0",null]
14 verbose parsed url { protocol: null,
14 verbose parsed url   slashes: null,
14 verbose parsed url   auth: null,
14 verbose parsed url   host: null,
14 verbose parsed url   port: null,
14 verbose parsed url   hostname: null,
14 verbose parsed url   hash: null,
14 verbose parsed url   search: null,
14 verbose parsed url   query: null,
14 verbose parsed url   pathname: 'fbgraph@^0.3.0',
14 verbose parsed url   path: 'fbgraph@^0.3.0',
14 verbose parsed url   href: 'fbgraph@^0.3.0' }
15 verbose cache add [ 'nodemon@^1.2.1', null ]
16 verbose cache add name=undefined spec="nodemon@^1.2.1" args=["nodemon@^1.2.1",null]
17 verbose parsed url { protocol: null,
17 verbose parsed url   slashes: null,
17 verbose parsed url   auth: null,
17 verbose parsed url   host: null,
17 verbose parsed url   port: null,
17 verbose parsed url   hostname: null,
17 verbose parsed url   hash: null,
17 verbose parsed url   search: null,
17 verbose parsed url   query: null,
17 verbose parsed url   pathname: 'nodemon@^1.2.1',
17 verbose parsed url   path: 'nodemon@^1.2.1',
17 verbose parsed url   href: 'nodemon@^1.2.1' }
18 verbose cache add [ 'redis@^0.12.1', null ]
19 verbose cache add name=undefined spec="redis@^0.12.1" args=["redis@^0.12.1",null]
20 verbose parsed url { protocol: null,
20 verbose parsed url   slashes: null,
20 verbose parsed url   auth: null,
20 verbose parsed url   host: null,
20 verbose parsed url   port: null,
20 verbose parsed url   hostname: null,
20 verbose parsed url   hash: null,
20 verbose parsed url   search: null,
20 verbose parsed url   query: null,
20 verbose parsed url   pathname: 'redis@^0.12.1',
20 verbose parsed url   path: 'redis@^0.12.1',
20 verbose parsed url   href: 'redis@^0.12.1' }
21 verbose cache add name="async" spec="^0.9.0" args=["async","^0.9.0"]
22 verbose parsed url { protocol: null,
22 verbose parsed url   slashes: null,
22 verbose parsed url   auth: null,
22 verbose parsed url   host: null,
22 verbose parsed url   port: null,
22 verbose parsed url   hostname: null,
22 verbose parsed url   hash: null,
22 verbose parsed url   search: null,
22 verbose parsed url   query: null,
22 verbose parsed url   pathname: '^0.9.0',
22 verbose parsed url   path: '^0.9.0',
22 verbose parsed url   href: '^0.9.0' }
23 verbose addNamed [ 'async', '^0.9.0' ]
24 verbose addNamed [ null, '>=0.9.0-0 <0.10.0-0' ]
25 verbose cache add name="fbgraph" spec="^0.3.0" args=["fbgraph","^0.3.0"]
26 verbose parsed url { protocol: null,
26 verbose parsed url   slashes: null,
26 verbose parsed url   auth: null,
26 verbose parsed url   host: null,
26 verbose parsed url   port: null,
26 verbose parsed url   hostname: null,
26 verbose parsed url   hash: null,
26 verbose parsed url   search: null,
26 verbose parsed url   query: null,
26 verbose parsed url   pathname: '^0.3.0',
26 verbose parsed url   path: '^0.3.0',
26 verbose parsed url   href: '^0.3.0' }
27 verbose addNamed [ 'fbgraph', '^0.3.0' ]
28 verbose addNamed [ null, '>=0.3.0-0 <0.4.0-0' ]
29 verbose cache add name="nodemon" spec="^1.2.1" args=["nodemon","^1.2.1"]
30 verbose parsed url { protocol: null,
30 verbose parsed url   slashes: null,
30 verbose parsed url   auth: null,
30 verbose parsed url   host: null,
30 verbose parsed url   port: null,
30 verbose parsed url   hostname: null,
30 verbose parsed url   hash: null,
30 verbose parsed url   search: null,
30 verbose parsed url   query: null,
30 verbose parsed url   pathname: '^1.2.1',
30 verbose parsed url   path: '^1.2.1',
30 verbose parsed url   href: '^1.2.1' }
31 verbose addNamed [ 'nodemon', '^1.2.1' ]
32 verbose addNamed [ null, '>=1.2.1-0 <2.0.0-0' ]
33 verbose cache add name="redis" spec="^0.12.1" args=["redis","^0.12.1"]
34 verbose parsed url { protocol: null,
34 verbose parsed url   slashes: null,
34 verbose parsed url   auth: null,
34 verbose parsed url   host: null,
34 verbose parsed url   port: null,
34 verbose parsed url   hostname: null,
34 verbose parsed url   hash: null,
34 verbose parsed url   search: null,
34 verbose parsed url   query: null,
34 verbose parsed url   pathname: '^0.12.1',
34 verbose parsed url   path: '^0.12.1',
34 verbose parsed url   href: '^0.12.1' }
35 verbose addNamed [ 'redis', '^0.12.1' ]
36 verbose addNamed [ null, '>=0.12.1-0 <0.13.0-0' ]
37 verbose cache add [ 'restify@^2.8.3', null ]
38 verbose cache add name=undefined spec="restify@^2.8.3" args=["restify@^2.8.3",null]
39 verbose parsed url { protocol: null,
39 verbose parsed url   slashes: null,
39 verbose parsed url   auth: null,
39 verbose parsed url   host: null,
39 verbose parsed url   port: null,
39 verbose parsed url   hostname: null,
39 verbose parsed url   hash: null,
39 verbose parsed url   search: null,
39 verbose parsed url   query: null,
39 verbose parsed url   pathname: 'restify@^2.8.3',
39 verbose parsed url   path: 'restify@^2.8.3',
39 verbose parsed url   href: 'restify@^2.8.3' }
40 verbose cache add [ 'zombie@^2.2.1', null ]
41 verbose cache add name=undefined spec="zombie@^2.2.1" args=["zombie@^2.2.1",null]
42 verbose parsed url { protocol: null,
42 verbose parsed url   slashes: null,
42 verbose parsed url   auth: null,
42 verbose parsed url   host: null,
42 verbose parsed url   port: null,
42 verbose parsed url   hostname: null,
42 verbose parsed url   hash: null,
42 verbose parsed url   search: null,
42 verbose parsed url   query: null,
42 verbose parsed url   pathname: 'zombie@^2.2.1',
42 verbose parsed url   path: 'zombie@^2.2.1',
42 verbose parsed url   href: 'zombie@^2.2.1' }
43 silly lockFile 7f39d2c2-async-0-9-0 async@^0.9.0
44 verbose lock async@^0.9.0 /home/repat/.npm/7f39d2c2-async-0-9-0.lock
45 silly lockFile c2452855-fbgraph-0-3-0 fbgraph@^0.3.0
46 verbose lock fbgraph@^0.3.0 /home/repat/.npm/c2452855-fbgraph-0-3-0.lock
47 silly lockFile 2f6de593-nodemon-1-2-1 nodemon@^1.2.1
48 verbose lock nodemon@^1.2.1 /home/repat/.npm/2f6de593-nodemon-1-2-1.lock
49 silly lockFile e462d765-redis-0-12-1 redis@^0.12.1
50 verbose lock redis@^0.12.1 /home/repat/.npm/e462d765-redis-0-12-1.lock
51 verbose cache add name="restify" spec="^2.8.3" args=["restify","^2.8.3"]
52 verbose parsed url { protocol: null,
52 verbose parsed url   slashes: null,
52 verbose parsed url   auth: null,
52 verbose parsed url   host: null,
52 verbose parsed url   port: null,
52 verbose parsed url   hostname: null,
52 verbose parsed url   hash: null,
52 verbose parsed url   search: null,
52 verbose parsed url   query: null,
52 verbose parsed url   pathname: '^2.8.3',
52 verbose parsed url   path: '^2.8.3',
52 verbose parsed url   href: '^2.8.3' }
53 verbose addNamed [ 'restify', '^2.8.3' ]
54 verbose addNamed [ null, '>=2.8.3-0 <3.0.0-0' ]
55 silly lockFile a266634e-restify-2-8-3 restify@^2.8.3
56 verbose lock restify@^2.8.3 /home/repat/.npm/a266634e-restify-2-8-3.lock
57 verbose cache add name="zombie" spec="^2.2.1" args=["zombie","^2.2.1"]
58 verbose parsed url { protocol: null,
58 verbose parsed url   slashes: null,
58 verbose parsed url   auth: null,
58 verbose parsed url   host: null,
58 verbose parsed url   port: null,
58 verbose parsed url   hostname: null,
58 verbose parsed url   hash: null,
58 verbose parsed url   search: null,
58 verbose parsed url   query: null,
58 verbose parsed url   pathname: '^2.2.1',
58 verbose parsed url   path: '^2.2.1',
58 verbose parsed url   href: '^2.2.1' }
59 verbose addNamed [ 'zombie', '^2.2.1' ]
60 verbose addNamed [ null, '>=2.2.1-0 <3.0.0-0' ]
61 silly lockFile 2329f620-zombie-2-2-1 zombie@^2.2.1
62 verbose lock zombie@^2.2.1 /home/repat/.npm/2329f620-zombie-2-2-1.lock
63 silly addNameRange { name: 'async', range: '>=0.9.0-0 <0.10.0-0', hasData: false }
64 silly addNameRange { name: 'restify', range: '>=2.8.3-0 <3.0.0-0', hasData: false }
65 silly addNameRange { name: 'zombie', range: '>=2.2.1-0 <3.0.0-0', hasData: false }
66 silly addNameRange { name: 'nodemon', range: '>=1.2.1-0 <2.0.0-0', hasData: false }
67 silly addNameRange { name: 'fbgraph', range: '>=0.3.0-0 <0.4.0-0', hasData: false }
68 silly addNameRange { name: 'redis', range: '>=0.12.1-0 <0.13.0-0', hasData: false }
69 verbose request where is /async
70 verbose request registry https://registry.npmjs.org/
71 verbose request id 305c26e7d787e541
72 verbose url raw /async
73 verbose url resolving [ 'https://registry.npmjs.org/', './async' ]
74 verbose url resolved https://registry.npmjs.org/async
75 verbose request where is https://registry.npmjs.org/async
76 info trying registry request attempt 1 at 22:42:57
77 verbose etag "5DZ9V7VZTNOSE7YT8AHM9LPN7"
78 http GET https://registry.npmjs.org/async
79 verbose request where is /nodemon
80 verbose request registry https://registry.npmjs.org/
81 verbose url raw /nodemon
82 verbose url resolving [ 'https://registry.npmjs.org/', './nodemon' ]
83 verbose url resolved https://registry.npmjs.org/nodemon
84 verbose request where is https://registry.npmjs.org/nodemon
85 info trying registry request attempt 1 at 22:42:57
86 verbose etag "62ZBUITCQKRVMGT0EG8F05UR8"
87 http GET https://registry.npmjs.org/nodemon
88 verbose request where is /zombie
89 verbose request registry https://registry.npmjs.org/
90 verbose url raw /zombie
91 verbose url resolving [ 'https://registry.npmjs.org/', './zombie' ]
92 verbose url resolved https://registry.npmjs.org/zombie
93 verbose request where is https://registry.npmjs.org/zombie
94 info trying registry request attempt 1 at 22:42:57
95 verbose etag "6OIZTUYQ7TSL4MG1UE7R9QZD6"
96 http GET https://registry.npmjs.org/zombie
97 verbose request where is /restify
98 verbose request registry https://registry.npmjs.org/
99 verbose url raw /restify
100 verbose url resolving [ 'https://registry.npmjs.org/', './restify' ]
101 verbose url resolved https://registry.npmjs.org/restify
102 verbose request where is https://registry.npmjs.org/restify
103 info trying registry request attempt 1 at 22:42:57
104 verbose etag "CUO07BLDCK4UIO1EH5DEA0QMW"
105 http GET https://registry.npmjs.org/restify
106 verbose request where is /fbgraph
107 verbose request registry https://registry.npmjs.org/
108 verbose url raw /fbgraph
109 verbose url resolving [ 'https://registry.npmjs.org/', './fbgraph' ]
110 verbose url resolved https://registry.npmjs.org/fbgraph
111 verbose request where is https://registry.npmjs.org/fbgraph
112 info trying registry request attempt 1 at 22:42:57
113 verbose etag "EFVOILHUPDSOJGWHQ2AH9LET2"
114 http GET https://registry.npmjs.org/fbgraph
115 verbose request where is /redis
116 verbose request registry https://registry.npmjs.org/
117 verbose url raw /redis
118 verbose url resolving [ 'https://registry.npmjs.org/', './redis' ]
119 verbose url resolved https://registry.npmjs.org/redis
120 verbose request where is https://registry.npmjs.org/redis
121 info trying registry request attempt 1 at 22:42:57
122 verbose etag "543GXI1OS5C1BI3M8S5TSJB9G"
123 http GET https://registry.npmjs.org/redis
124 http 200 https://registry.npmjs.org/nodemon
125 silly registry.get cb [ 200,
125 silly registry.get   { date: 'Wed, 03 Dec 2014 21:42:57 GMT',
125 silly registry.get     server: 'CouchDB/1.5.0 (Erlang OTP/R16B03)',
125 silly registry.get     etag: '"CIIQA9XPEJSRX4RLDTKWEUH4V"',
125 silly registry.get     'content-type': 'application/json',
125 silly registry.get     'cache-control': 'max-age=60',
125 silly registry.get     'content-length': '122728',
125 silly registry.get     'accept-ranges': 'bytes',
125 silly registry.get     via: '1.1 varnish',
125 silly registry.get     age: '6',
125 silly registry.get     'x-served-by': 'cache-ams4148-AMS',
125 silly registry.get     'x-cache': 'HIT',
125 silly registry.get     'x-cache-hits': '105',
125 silly registry.get     'x-timer': 'S1417642977.420083,VS0,VE0',
125 silly registry.get     vary: 'Accept',
125 silly registry.get     'keep-alive': 'timeout=10, max=50',
125 silly registry.get     connection: 'Keep-Alive' } ]
126 silly addNameRange number 2 { name: 'nodemon', range: '>=1.2.1-0 <2.0.0-0', hasData: true }
127 silly addNameRange versions [ 'nodemon',
127 silly addNameRange   [ '0.1.4',
127 silly addNameRange     '0.1.5',
127 silly addNameRange     '0.1.6',
127 silly addNameRange     '0.1.7',
127 silly addNameRange     '0.1.8',
127 silly addNameRange     '0.2.0',
127 silly addNameRange     '0.2.1',
127 silly addNameRange     '0.2.2',
127 silly addNameRange     '0.3.0',
127 silly addNameRange     '0.3.1',
127 silly addNameRange     '0.3.2',
127 silly addNameRange     '0.4.0',
127 silly addNameRange     '0.4.1',
127 silly addNameRange     '0.5.0',
127 silly addNameRange     '0.5.1',
127 silly addNameRange     '0.5.2',
127 silly addNameRange     '0.5.3',
127 silly addNameRange     '0.5.4',
127 silly addNameRange     '0.5.5',
127 silly addNameRange     '0.5.6',
127 silly addNameRange     '0.5.7',
127 silly addNameRange     '0.6.0',
127 silly addNameRange     '0.6.1',
127 silly addNameRange     '0.6.2',
127 silly addNameRange     '0.6.3',
127 silly addNameRange     '0.6.4',
127 silly addNameRange     '0.6.5',
127 silly addNameRange     '0.6.6',
127 silly addNameRange     '0.6.7',
127 silly addNameRange     '0.6.8',
127 silly addNameRange     '0.6.9',
127 silly addNameRange     '0.6.10',
127 silly addNameRange     '0.6.11',
127 silly addNameRange     '0.6.12',
127 silly addNameRange     '0.6.13',
127 silly addNameRange     '0.6.14',
127 silly addNameRange     '0.6.15',
127 silly addNameRange     '0.6.16',
127 silly addNameRange     '0.6.17',
127 silly addNameRange     '0.6.18',
127 silly addNameRange     '0.6.19',
127 silly addNameRange     '0.6.20',
127 silly addNameRange     '0.6.21',
127 silly addNameRange     '0.6.22',
127 silly addNameRange     '0.6.23',
127 silly addNameRange     '0.7.0',
127 silly addNameRange     '0.7.1',
127 silly addNameRange     '0.7.2',
127 silly addNameRange     '0.7.3',
127 silly addNameRange     '0.7.4',
127 silly addNameRange     '0.7.5',
127 silly addNameRange     '0.7.6',
127 silly addNameRange     '0.7.7',
127 silly addNameRange     '0.7.8',
127 silly addNameRange     '0.7.10',
127 silly addNameRange     '0.9.0',
127 silly addNameRange     '0.9.1',
127 silly addNameRange     '0.9.2',
127 silly addNameRange     '0.9.3',
127 silly addNameRange     '0.9.5',
127 silly addNameRange     '0.9.6',
127 silly addNameRange     '0.9.7',
127 silly addNameRange     '0.9.10',
127 silly addNameRange     '0.9.11',
127 silly addNameRange     '0.9.12',
127 silly addNameRange     '0.9.14',
127 silly addNameRange     '0.9.16',
127 silly addNameRange     '0.9.17',
127 silly addNameRange     '1.0.0',
127 silly addNameRange     '1.0.1',
127 silly addNameRange     '1.0.2',
127 silly addNameRange     '1.0.2-rc',
127 silly addNameRange     '0.6.10-a',
127 silly addNameRange     '1.0.2-rc3',
127 silly addNameRange     '1.0.2-rc4',
127 silly addNameRange     '1.0.3',
127 silly addNameRange     '1.0.4',
127 silly addNameRange     '1.0.5',
127 silly addNameRange     '1.0.6',
127 silly addNameRange     '1.0.7',
127 silly addNameRange     '1.0.8',
127 silly addNameRange     '1.0.9',
127 silly addNameRange     '1.0.10',
127 silly addNameRange     '1.0.11',
127 silly addNameRange     '1.0.12',
127 silly addNameRange     '1.0.13',
127 silly addNameRange     '1.0.14',
127 silly addNameRange     '1.0.15',
127 silly addNameRange     '1.0.16',
127 silly addNameRange     '1.0.17-rc1',
127 silly addNameRange     '1.0.17-rc2',
127 silly addNameRange     '1.0.17',
127 silly addNameRange     '1.0.18',
127 silly addNameRange     '1.0.19',
127 silly addNameRange     '1.0.20',
127 silly addNameRange     '1.1.0-alpha',
127 silly addNameRange     '1.1.0',
127 silly addNameRange     '1.1.1',
127 silly addNameRange     '1.2.0',
127 silly addNameRange     '1.2.1' ] ]
128 verbose addNamed [ 'nodemon', '1.2.1' ]
129 verbose addNamed [ '1.2.1', '1.2.1' ]
130 silly lockFile 891e98f0-nodemon-1-2-1 nodemon@1.2.1
131 verbose lock nodemon@1.2.1 /home/repat/.npm/891e98f0-nodemon-1-2-1.lock
132 silly lockFile 891e98f0-nodemon-1-2-1 nodemon@1.2.1
133 silly lockFile 891e98f0-nodemon-1-2-1 nodemon@1.2.1
134 silly lockFile 2f6de593-nodemon-1-2-1 nodemon@^1.2.1
135 silly lockFile 2f6de593-nodemon-1-2-1 nodemon@^1.2.1
136 http 304 https://registry.npmjs.org/fbgraph
137 silly registry.get cb [ 304,
137 silly registry.get   { date: 'Wed, 03 Dec 2014 21:42:57 GMT',
137 silly registry.get     server: 'Apache',
137 silly registry.get     via: '1.1 varnish',
137 silly registry.get     'last-modified': 'Wed, 03 Dec 2014 21:42:57 GMT',
137 silly registry.get     'cache-control': 'max-age=60',
137 silly registry.get     etag: '"EFVOILHUPDSOJGWHQ2AH9LET2"',
137 silly registry.get     age: '0',
137 silly registry.get     'x-served-by': 'cache-ams4134-AMS',
137 silly registry.get     'x-cache': 'MISS',
137 silly registry.get     'x-cache-hits': '0',
137 silly registry.get     'x-timer': 'S1417642977.434338,VS0,VE312',
137 silly registry.get     vary: 'Accept',
137 silly registry.get     'content-length': '0',
137 silly registry.get     'keep-alive': 'timeout=10, max=50',
137 silly registry.get     connection: 'Keep-Alive' } ]
138 verbose etag https://registry.npmjs.org/fbgraph from cache
139 http 304 https://registry.npmjs.org/redis
140 silly registry.get cb [ 304,
140 silly registry.get   { date: 'Wed, 03 Dec 2014 21:42:57 GMT',
140 silly registry.get     server: 'Apache',
140 silly registry.get     via: '1.1 varnish',
140 silly registry.get     'last-modified': 'Wed, 03 Dec 2014 21:42:57 GMT',
140 silly registry.get     'cache-control': 'max-age=60',
140 silly registry.get     etag: '"543GXI1OS5C1BI3M8S5TSJB9G"',
140 silly registry.get     age: '10',
140 silly registry.get     'x-served-by': 'cache-ams4148-AMS',
140 silly registry.get     'x-cache': 'HIT',
140 silly registry.get     'x-cache-hits': '1',
140 silly registry.get     'x-timer': 'S1417642977.761822,VS0,VE0',
140 silly registry.get     vary: 'Accept',
140 silly registry.get     'content-length': '0',
140 silly registry.get     'keep-alive': 'timeout=10, max=49',
140 silly registry.get     connection: 'Keep-Alive' } ]
141 verbose etag https://registry.npmjs.org/redis from cache
142 silly addNameRange number 2 { name: 'redis', range: '>=0.12.1-0 <0.13.0-0', hasData: true }
143 silly addNameRange versions [ 'redis',
143 silly addNameRange   [ '0.0.1',
143 silly addNameRange     '0.0.2',
143 silly addNameRange     '0.0.3',
143 silly addNameRange     '0.0.4',
143 silly addNameRange     '0.0.7',
143 silly addNameRange     '0.0.8',
143 silly addNameRange     '0.1.0',
143 silly addNameRange     '0.1.1',
143 silly addNameRange     '0.1.2',
143 silly addNameRange     '0.2.0',
143 silly addNameRange     '0.2.1',
143 silly addNameRange     '0.2.2',
143 silly addNameRange     '0.2.3',
143 silly addNameRange     '0.2.4',
143 silly addNameRange     '0.2.6',
143 silly addNameRange     '0.3.0',
143 silly addNameRange     '0.3.1',
143 silly addNameRange     '0.3.2',
143 silly addNameRange     '0.3.3',
143 silly addNameRange     '0.3.4',
143 silly addNameRange     '0.3.5',
143 silly addNameRange     '0.3.6',
143 silly addNameRange     '0.3.7',
143 silly addNameRange     '0.3.9',
143 silly addNameRange     '0.4.0',
143 silly addNameRange     '0.4.1',
143 silly addNameRange     '0.4.2',
143 silly addNameRange     '0.5.0',
143 silly addNameRange     '0.5.1',
143 silly addNameRange     '0.5.2',
143 silly addNameRange     '0.5.3',
143 silly addNameRange     '0.5.4',
143 silly addNameRange     '0.5.5',
143 silly addNameRange     '0.5.6',
143 silly addNameRange     '0.5.7',
143 silly addNameRange     '0.5.8',
143 silly addNameRange     '0.5.9',
143 silly addNameRange     '0.5.10',
143 silly addNameRange     '0.5.11',
143 silly addNameRange     '0.6.0',
143 silly addNameRange     '0.6.1',
143 silly addNameRange     '0.6.2',
143 silly addNameRange     '0.6.3',
143 silly addNameRange     '0.6.4',
143 silly addNameRange     '0.6.5',
143 silly addNameRange     '0.6.6',
143 silly addNameRange     '0.6.7',
143 silly addNameRange     '0.7.0',
143 silly addNameRange     '0.7.1',
143 silly addNameRange     '0.7.2',
143 silly addNameRange     '0.7.3',
143 silly addNameRange     '0.8.0',
143 silly addNameRange     '0.8.1',
143 silly addNameRange     '0.8.2',
143 silly addNameRange     '0.8.3',
143 silly addNameRange     '0.8.4',
143 silly addNameRange     '0.8.5',
143 silly addNameRange     '0.8.6',
143 silly addNameRange     '0.9.0',
143 silly addNameRange     '0.9.1',
143 silly addNameRange     '0.9.2',
143 silly addNameRange     '0.10.0',
143 silly addNameRange     '0.10.1',
143 silly addNameRange     '0.10.2',
143 silly addNameRange     '0.10.3',
143 silly addNameRange     '0.11.0',
143 silly addNameRange     '0.12.0',
143 silly addNameRange     '0.12.1' ] ]
144 verbose addNamed [ 'redis', '0.12.1' ]
145 verbose addNamed [ '0.12.1', '0.12.1' ]
146 silly lockFile 5ec46899-redis-0-12-1 redis@0.12.1
147 verbose lock redis@0.12.1 /home/repat/.npm/5ec46899-redis-0-12-1.lock
148 silly addNameRange number 2 { name: 'fbgraph', range: '>=0.3.0-0 <0.4.0-0', hasData: true }
149 silly addNameRange versions [ 'fbgraph',
149 silly addNameRange   [ '0.0.2',
149 silly addNameRange     '0.1.0',
149 silly addNameRange     '0.2.0',
149 silly addNameRange     '0.2.1',
149 silly addNameRange     '0.2.2',
149 silly addNameRange     '0.2.3',
149 silly addNameRange     '0.2.4',
149 silly addNameRange     '0.2.5',
149 silly addNameRange     '0.2.6',
149 silly addNameRange     '0.2.7',
149 silly addNameRange     '0.2.9',
149 silly addNameRange     '0.2.10',
149 silly addNameRange     '0.2.11',
149 silly addNameRange     '0.2.12',
149 silly addNameRange     '0.2.13',
149 silly addNameRange     '0.3.0' ] ]
150 verbose addNamed [ 'fbgraph', '0.3.0' ]
151 verbose addNamed [ '0.3.0', '0.3.0' ]
152 silly lockFile ceb316bc-fbgraph-0-3-0 fbgraph@0.3.0
153 verbose lock fbgraph@0.3.0 /home/repat/.npm/ceb316bc-fbgraph-0-3-0.lock
154 http 200 https://registry.npmjs.org/async
155 silly registry.get cb [ 200,
155 silly registry.get   { date: 'Wed, 03 Dec 2014 21:42:57 GMT',
155 silly registry.get     server: 'CouchDB/1.5.0 (Erlang OTP/R16B03)',
155 silly registry.get     etag: '"686ZBKHWPECYC8NZGRG9B7T27"',
155 silly registry.get     'content-type': 'application/json',
155 silly registry.get     'cache-control': 'max-age=60',
155 silly registry.get     'content-length': '106437',
155 silly registry.get     'accept-ranges': 'bytes',
155 silly registry.get     via: '1.1 varnish',
155 silly registry.get     age: '12',
155 silly registry.get     'x-served-by': 'cache-ams4140-AMS',
155 silly registry.get     'x-cache': 'HIT',
155 silly registry.get     'x-cache-hits': '1',
155 silly registry.get     'x-timer': 'S1417642977.424460,VS0,VE0',
155 silly registry.get     vary: 'Accept',
155 silly registry.get     'keep-alive': 'timeout=10, max=50',
155 silly registry.get     connection: 'Keep-Alive' } ]
156 silly lockFile 5ec46899-redis-0-12-1 redis@0.12.1
157 silly lockFile 5ec46899-redis-0-12-1 redis@0.12.1
158 silly lockFile ceb316bc-fbgraph-0-3-0 fbgraph@0.3.0
159 silly lockFile ceb316bc-fbgraph-0-3-0 fbgraph@0.3.0
160 silly lockFile e462d765-redis-0-12-1 redis@^0.12.1
161 silly lockFile e462d765-redis-0-12-1 redis@^0.12.1
162 silly lockFile c2452855-fbgraph-0-3-0 fbgraph@^0.3.0
163 silly lockFile c2452855-fbgraph-0-3-0 fbgraph@^0.3.0
164 silly addNameRange number 2 { name: 'async', range: '>=0.9.0-0 <0.10.0-0', hasData: true }
165 silly addNameRange versions [ 'async',
165 silly addNameRange   [ '0.1.0',
165 silly addNameRange     '0.1.1',
165 silly addNameRange     '0.1.2',
165 silly addNameRange     '0.1.3',
165 silly addNameRange     '0.1.4',
165 silly addNameRange     '0.1.5',
165 silly addNameRange     '0.1.6',
165 silly addNameRange     '0.1.7',
165 silly addNameRange     '0.1.8',
165 silly addNameRange     '0.1.9',
165 silly addNameRange     '0.1.10',
165 silly addNameRange     '0.1.11',
165 silly addNameRange     '0.1.12',
165 silly addNameRange     '0.1.13',
165 silly addNameRange     '0.1.14',
165 silly addNameRange     '0.1.15',
165 silly addNameRange     '0.1.16',
165 silly addNameRange     '0.1.17',
165 silly addNameRange     '0.1.18',
165 silly addNameRange     '0.1.19',
165 silly addNameRange     '0.1.20',
165 silly addNameRange     '0.1.21',
165 silly addNameRange     '0.1.22',
165 silly addNameRange     '0.2.0',
165 silly addNameRange     '0.2.1',
165 silly addNameRange     '0.2.2',
165 silly addNameRange     '0.2.3',
165 silly addNameRange     '0.2.4',
165 silly addNameRange     '0.2.5',
165 silly addNameRange     '0.2.6',
165 silly addNameRange     '0.2.7',
165 silly addNameRange     '0.2.8',
165 silly addNameRange     '0.2.9',
165 silly addNameRange     '0.2.10',
165 silly addNameRange     '0.3.0',
165 silly addNameRange     '0.4.0',
165 silly addNameRange     '0.4.1',
165 silly addNameRange     '0.5.0',
165 silly addNameRange     '0.6.0',
165 silly addNameRange     '0.6.1',
165 silly addNameRange     '0.6.2',
165 silly addNameRange     '0.7.0',
165 silly addNameRange     '0.8.0',
165 silly addNameRange     '0.9.0' ] ]
166 verbose addNamed [ 'async', '0.9.0' ]
167 verbose addNamed [ '0.9.0', '0.9.0' ]
168 silly lockFile 9a58a886-async-0-9-0 async@0.9.0
169 verbose lock async@0.9.0 /home/repat/.npm/9a58a886-async-0-9-0.lock
170 silly lockFile 9a58a886-async-0-9-0 async@0.9.0
171 silly lockFile 9a58a886-async-0-9-0 async@0.9.0
172 silly lockFile 7f39d2c2-async-0-9-0 async@^0.9.0
173 silly lockFile 7f39d2c2-async-0-9-0 async@^0.9.0
174 http 200 https://registry.npmjs.org/zombie
175 silly registry.get cb [ 200,
175 silly registry.get   { date: 'Wed, 03 Dec 2014 21:42:57 GMT',
175 silly registry.get     server: 'CouchDB/1.5.0 (Erlang OTP/R16B03)',
175 silly registry.get     etag: '"3H8QDL3WAKFT0VDNDQDF9HCJV"',
175 silly registry.get     'content-type': 'application/json',
175 silly registry.get     'cache-control': 'max-age=60',
175 silly registry.get     'content-length': '215683',
175 silly registry.get     'accept-ranges': 'bytes',
175 silly registry.get     via: '1.1 varnish',
175 silly registry.get     age: '0',
175 silly registry.get     'x-served-by': 'cache-ams4123-AMS',
175 silly registry.get     'x-cache': 'MISS',
175 silly registry.get     'x-cache-hits': '0',
175 silly registry.get     'x-timer': 'S1417642977.428297,VS0,VE166',
175 silly registry.get     vary: 'Accept',
175 silly registry.get     'keep-alive': 'timeout=10, max=50',
175 silly registry.get     connection: 'Keep-Alive' } ]
176 silly addNameRange number 2 { name: 'zombie', range: '>=2.2.1-0 <3.0.0-0', hasData: true }
177 silly addNameRange versions [ 'zombie',
177 silly addNameRange   [ '0.12.1',
177 silly addNameRange     '0.12.2',
177 silly addNameRange     '0.12.3',
177 silly addNameRange     '0.12.4',
177 silly addNameRange     '0.12.5',
177 silly addNameRange     '0.12.6',
177 silly addNameRange     '0.12.7',
177 silly addNameRange     '0.12.8',
177 silly addNameRange     '0.12.9',
177 silly addNameRange     '0.12.10',
177 silly addNameRange     '0.12.11',
177 silly addNameRange     '0.12.12',
177 silly addNameRange     '0.12.13',
177 silly addNameRange     '0.12.14',
177 silly addNameRange     '0.12.15',
177 silly addNameRange     '0.13.0',
177 silly addNameRange     '0.13.1',
177 silly addNameRange     '0.13.2',
177 silly addNameRange     '0.13.3',
177 silly addNameRange     '0.13.4',
177 silly addNameRange     '0.13.6',
177 silly addNameRange     '0.13.7',
177 silly addNameRange     '0.13.8',
177 silly addNameRange     '0.13.9',
177 silly addNameRange     '0.13.10',
177 silly addNameRange     '0.13.11',
177 silly addNameRange     '0.13.12',
177 silly addNameRange     '0.13.13',
177 silly addNameRange     '0.13.14',
177 silly addNameRange     '1.0.0',
177 silly addNameRange     '1.1.0',
177 silly addNameRange     '1.1.1',
177 silly addNameRange     '1.1.2',
177 silly addNameRange     '1.1.3',
177 silly addNameRange     '1.1.4',
177 silly addNameRange     '1.1.5',
177 silly addNameRange     '1.1.6',
177 silly addNameRange     '1.1.7',
177 silly addNameRange     '1.2.0',
177 silly addNameRange     '1.3.0',
177 silly addNameRange     '1.3.1',
177 silly addNameRange     '1.4.0',
177 silly addNameRange     '1.4.1',
177 silly addNameRange     '2.0.0-alpha1',
177 silly addNameRange     '2.0.0-alpha2',
177 silly addNameRange     '2.0.0-alpha3',
177 silly addNameRange     '2.0.0-alpha4',
177 silly addNameRange     '2.0.0-alpha5',
177 silly addNameRange     '2.0.0-alpha6',
177 silly addNameRange     '2.0.0-alpha7',
177 silly addNameRange     '2.0.0-alpha8',
177 silly addNameRange     '2.0.0-alpha9',
177 silly addNameRange     '2.0.0-alpha10',
177 silly addNameRange     '2.0.0-alpha11',
177 silly addNameRange     '2.0.0-alpha12',
177 silly addNameRange     '2.0.0-alpha13',
177 silly addNameRange     '2.0.0-alpha14',
177 silly addNameRange     '2.0.0-alpha15',
177 silly addNameRange     '2.0.0-alpha16',
177 silly addNameRange     '2.0.0-alpha17',
177 silly addNameRange     '2.0.0-alpha18',
177 silly addNameRange     '2.0.0-alpha19',
177 silly addNameRange     '2.0.0-alpha20',
177 silly addNameRange     '2.0.0-alpha21',
177 silly addNameRange     '2.0.0-alpha22',
177 silly addNameRange     '2.0.0-alpha23',
177 silly addNameRange     '2.0.0-alpha24',
177 silly addNameRange     '2.0.0-alpha25',
177 silly addNameRange     '2.0.0-alpha26',
177 silly addNameRange     '2.0.0-alpha27',
177 silly addNameRange     '2.0.0-alpha28',
177 silly addNameRange     '2.0.0-alpha29',
177 silly addNameRange     '2.0.0-alpha30',
177 silly addNameRange     '2.0.0-alpha31',
177 silly addNameRange     '2.0.0',
177 silly addNameRange     '2.0.1',
177 silly addNameRange     '2.0.2',
177 silly addNameRange     '2.0.3',
177 silly addNameRange     '2.0.4',
177 silly addNameRange     '2.0.5',
177 silly addNameRange     '2.0.6',
177 silly addNameRange     '2.0.7',
177 silly addNameRange     '2.0.8',
177 silly addNameRange     '2.1.0',
177 silly addNameRange     '2.1.1',
177 silly addNameRange     '2.2.0',
177 silly addNameRange     '2.2.1',
177 silly addNameRange     '2.3.0',
177 silly addNameRange     '2.3.1',
177 silly addNameRange     '2.3.2',
177 silly addNameRange     '2.4.0' ] ]
178 verbose addNamed [ 'zombie', '2.4.0' ]
179 verbose addNamed [ '2.4.0', '2.4.0' ]
180 silly lockFile ac668e22-zombie-2-4-0 zombie@2.4.0
181 verbose lock zombie@2.4.0 /home/repat/.npm/ac668e22-zombie-2-4-0.lock
182 silly lockFile 8cbc4e5e-pmjs-org-zombie-zombie-2-4-0-tgz https://registry.npmjs.org/zombie/-/zombie-2.4.0.tgz
183 verbose lock https://registry.npmjs.org/zombie/-/zombie-2.4.0.tgz /home/repat/.npm/8cbc4e5e-pmjs-org-zombie-zombie-2-4-0-tgz.lock
184 verbose addRemoteTarball [ 'https://registry.npmjs.org/zombie/-/zombie-2.4.0.tgz',
184 verbose addRemoteTarball   'ee344773f5f4064a08ad032178ca453e6d45f6de' ]
185 info retry fetch attempt 1 at 22:42:57
186 verbose fetch to= /tmp/npm-28344-61ucTNUO/registry.npmjs.org/zombie/-/zombie-2.4.0.tgz
187 http GET https://registry.npmjs.org/zombie/-/zombie-2.4.0.tgz
188 http 200 https://registry.npmjs.org/restify
189 silly registry.get cb [ 200,
189 silly registry.get   { date: 'Wed, 03 Dec 2014 21:42:58 GMT',
189 silly registry.get     server: 'CouchDB/1.5.0 (Erlang OTP/R16B03)',
189 silly registry.get     etag: '"9LH8AWPKM819A7T5WSGQAWOY1"',
189 silly registry.get     'content-type': 'application/json',
189 silly registry.get     'cache-control': 'max-age=60',
189 silly registry.get     'content-length': '150704',
189 silly registry.get     'accept-ranges': 'bytes',
189 silly registry.get     via: '1.1 varnish',
189 silly registry.get     age: '0',
189 silly registry.get     'x-served-by': 'cache-ams4133-AMS',
189 silly registry.get     'x-cache': 'HIT',
189 silly registry.get     'x-cache-hits': '1',
189 silly registry.get     'x-timer': 'S1417642977.431685,VS0,VE663',
189 silly registry.get     vary: 'Accept',
189 silly registry.get     'keep-alive': 'timeout=10, max=50',
189 silly registry.get     connection: 'Keep-Alive' } ]
190 silly addNameRange number 2 { name: 'restify', range: '>=2.8.3-0 <3.0.0-0', hasData: true }
191 silly addNameRange versions [ 'restify',
191 silly addNameRange   [ '0.1.0',
191 silly addNameRange     '0.1.1',
191 silly addNameRange     '0.1.2',
191 silly addNameRange     '0.1.4',
191 silly addNameRange     '0.1.5',
191 silly addNameRange     '0.1.6',
191 silly addNameRange     '0.1.7',
191 silly addNameRange     '0.1.8',
191 silly addNameRange     '0.1.9',
191 silly addNameRange     '0.1.10',
191 silly addNameRange     '0.1.11',
191 silly addNameRange     '0.1.12',
191 silly addNameRange     '0.1.13',
191 silly addNameRange     '0.1.14',
191 silly addNameRange     '0.1.15',
191 silly addNameRange     '0.1.16',
191 silly addNameRange     '0.1.17',
191 silly addNameRange     '0.1.18',
191 silly addNameRange     '0.1.19',
191 silly addNameRange     '0.1.20',
191 silly addNameRange     '0.1.21',
191 silly addNameRange     '0.1.22',
191 silly addNameRange     '0.1.23',
191 silly addNameRange     '0.2.0',
191 silly addNameRange     '0.2.1',
191 silly addNameRange     '0.2.2',
191 silly addNameRange     '0.2.3',
191 silly addNameRange     '0.2.4',
191 silly addNameRange     '0.2.5',
191 silly addNameRange     '0.2.6',
191 silly addNameRange     '0.2.7',
191 silly addNameRange     '0.2.8',
191 silly addNameRange     '0.2.9',
191 silly addNameRange     '0.2.10',
191 silly addNameRange     '0.2.11',
191 silly addNameRange     '0.2.12',
191 silly addNameRange     '0.2.13',
191 silly addNameRange     '0.3.0',
191 silly addNameRange     '0.3.1',
191 silly addNameRange     '0.3.2-pre1',
191 silly addNameRange     '0.3.2',
191 silly addNameRange     '0.3.3',
191 silly addNameRange     '0.3.4',
191 silly addNameRange     '0.3.5',
191 silly addNameRange     '0.3.6',
191 silly addNameRange     '0.3.7',
191 silly addNameRange     '0.3.8',
191 silly addNameRange     '0.3.9',
191 silly addNameRange     '0.3.10',
191 silly addNameRange     '0.3.11',
191 silly addNameRange     '0.3.12',
191 silly addNameRange     '0.3.14',
191 silly addNameRange     '0.3.15',
191 silly addNameRange     '0.4.0',
191 silly addNameRange     '0.4.1',
191 silly addNameRange     '0.4.2',
191 silly addNameRange     '0.4.3',
191 silly addNameRange     '0.4.4',
191 silly addNameRange     '0.5.0',
191 silly addNameRange     '0.5.1',
191 silly addNameRange     '0.5.3',
191 silly addNameRange     '0.5.4',
191 silly addNameRange     '0.5.5',
191 silly addNameRange     '0.5.6',
191 silly addNameRange     '1.0.0-1-rc',
191 silly addNameRange     '1.0.0-1-rc2',
191 silly addNameRange     '0.5.7',
191 silly addNameRange     '1.0.0',
191 silly addNameRange     '1.0.1',
191 silly addNameRange     '1.1.0',
191 silly addNameRange     '1.1.1',
191 silly addNameRange     '1.2.0',
191 silly addNameRange     '1.3.0',
191 silly addNameRange     '1.4.0',
191 silly addNameRange     '1.4.1',
191 silly addNameRange     '1.4.2',
191 silly addNameRange     '1.4.3',
191 silly addNameRange     '1.4.4',
191 silly addNameRange     '2.0.0',
191 silly addNameRange     '2.0.1',
191 silly addNameRange     '2.0.2',
191 silly addNameRange     '2.0.3',
191 silly addNameRange     '2.0.4',
191 silly addNameRange     '2.1.0',
191 silly addNameRange     '2.1.1',
191 silly addNameRange     '2.2.0',
191 silly addNameRange     '2.2.1',
191 silly addNameRange     '2.3.0',
191 silly addNameRange     '2.3.1',
191 silly addNameRange     '2.3.2',
191 silly addNameRange     '2.3.3',
191 silly addNameRange     '2.3.4',
191 silly addNameRange     '2.3.5',
191 silly addNameRange     '2.4.0',
191 silly addNameRange     '2.4.1',
191 silly addNameRange     '2.5.0',
191 silly addNameRange     '2.5.1',
191 silly addNameRange     '2.6.0',
191 silly addNameRange     '2.6.1',
191 silly addNameRange     '2.6.2',
191 silly addNameRange     '2.6.3',
191 silly addNameRange     '2.7.0',
191 silly addNameRange     '2.8.0',
191 silly addNameRange     '2.8.1',
191 silly addNameRange     '2.8.2',
191 silly addNameRange     '2.8.3' ] ]
192 verbose addNamed [ 'restify', '2.8.3' ]
193 verbose addNamed [ '2.8.3', '2.8.3' ]
194 silly lockFile 137ba29d-restify-2-8-3 restify@2.8.3
195 verbose lock restify@2.8.3 /home/repat/.npm/137ba29d-restify-2-8-3.lock
196 silly lockFile 137ba29d-restify-2-8-3 restify@2.8.3
197 silly lockFile 137ba29d-restify-2-8-3 restify@2.8.3
198 silly lockFile a266634e-restify-2-8-3 restify@^2.8.3
199 silly lockFile a266634e-restify-2-8-3 restify@^2.8.3
200 http 200 https://registry.npmjs.org/zombie/-/zombie-2.4.0.tgz
201 silly lockFile 8cbc4e5e-pmjs-org-zombie-zombie-2-4-0-tgz https://registry.npmjs.org/zombie/-/zombie-2.4.0.tgz
202 silly lockFile 8cbc4e5e-pmjs-org-zombie-zombie-2-4-0-tgz https://registry.npmjs.org/zombie/-/zombie-2.4.0.tgz
203 silly lockFile ac668e22-zombie-2-4-0 zombie@2.4.0
204 silly lockFile ac668e22-zombie-2-4-0 zombie@2.4.0
205 silly lockFile 2329f620-zombie-2-2-1 zombie@^2.2.1
206 silly lockFile 2329f620-zombie-2-2-1 zombie@^2.2.1
207 error Error: EACCES, mkdir '/home/repat/.npm/zombie/2.4.0'
207 error  { [Error: EACCES, mkdir '/home/repat/.npm/zombie/2.4.0']
207 error   errno: 3,
207 error   code: 'EACCES',
207 error   path: '/home/repat/.npm/zombie/2.4.0',
207 error   parent: 'graph-search' }
208 error Please try running this command again as root/Administrator.
209 error System Linux 3.13.0-40-generic
210 error command "/usr/bin/node" "/usr/bin/npm" "install"
211 error cwd /home/repat/git/Grafari/backend/nodejs
212 error node -v v0.10.33
213 error npm -v 1.4.28
214 error path /home/repat/.npm/zombie/2.4.0
215 error code EACCES
216 error errno 3
217 error stack Error: EACCES, mkdir '/home/repat/.npm/zombie/2.4.0'
218 verbose exit [ 3, true ]
